[debug] [2020-09-29T15:38:38.021Z] ----------------------------------------------------------------------
[debug] [2020-09-29T15:38:38.024Z] Command:       C:\Program Files\nodejs\node.exe C:\Users\Guru\AppData\Roaming\npm\node_modules\firebase-tools\lib\bin\firebase.js emulators:start --only functions
[debug] [2020-09-29T15:38:38.024Z] CLI Version:   8.11.1
[debug] [2020-09-29T15:38:38.024Z] Platform:      win32
[debug] [2020-09-29T15:38:38.024Z] Node Version:  v12.16.3
[debug] [2020-09-29T15:38:38.026Z] Time:          Tue Sep 29 2020 21:08:38 GMT+0530 (India Standard Time)
[debug] [2020-09-29T15:38:38.026Z] ----------------------------------------------------------------------
[debug] [2020-09-29T15:38:38.026Z] 
[debug] [2020-09-29T15:38:38.036Z] > command requires scopes: ["email","openid","https://www.googleapis.com/auth/cloudplatformprojects.readonly","https://www.googleapis.com/auth/firebase","https://www.googleapis.com/auth/cloud-platform"]
[debug] [2020-09-29T15:38:38.037Z] > authorizing via signed-in user
[info] i  emulators: Starting emulators: functions {"metadata":{"emulator":{"name":"hub"},"message":"Starting emulators: functions"}}
[warn] !  emulators: It seems that you are running multiple instances of the emulator suite for project psychic-lens-289706. This may result in unexpected behavior. 
[debug] [2020-09-29T15:38:40.121Z] [hub] writing locator at C:\Users\Guru\AppData\Local\Temp\hub-psychic-lens-289706.json
[warn] !  functions: The following emulators are not running, calls to these services from the Functions emulator will affect production: auth, firestore, database, hosting, pubsub {"metadata":{"emulator":{"name":"functions"},"message":"The following emulators are not running, calls to these services from the Functions emulator will affect production: \u001b[1mauth, firestore, database, hosting, pubsub\u001b[22m"}}
[warn] !  Your requested "node" version "8" doesn't match your global version "12" {"metadata":{"emulator":{"name":"functions"},"message":"Your requested \"node\" version \"8\" doesn't match your global version \"12\""}}
[debug] [2020-09-29T15:38:42.296Z] defaultcredentials: writing to file C:\Users\Guru\AppData\Roaming\firebase\sushma_3.narayana_gmail.com_application_default_credentials.json
[debug] [2020-09-29T15:38:42.302Z] Setting GAC to C:\Users\Guru\AppData\Roaming\firebase\sushma_3.narayana_gmail.com_application_default_credentials.json {"metadata":{"emulator":{"name":"functions"},"message":"Setting GAC to C:\\Users\\Guru\\AppData\\Roaming\\firebase\\sushma_3.narayana_gmail.com_application_default_credentials.json"}}
[warn] !  ui: Emulator UI unable to start on port 4000, starting on 4001 instead. {"metadata":{"emulator":{"name":"ui"},"message":"Emulator UI unable to start on port 4000, starting on 4001 instead."}}
[debug] [2020-09-29T15:38:44.431Z] Ignoring unsupported arg: auto_download {"metadata":{"emulator":{"name":"ui"},"message":"Ignoring unsupported arg: auto_download"}}
[debug] [2020-09-29T15:38:44.431Z] Ignoring unsupported arg: port {"metadata":{"emulator":{"name":"ui"},"message":"Ignoring unsupported arg: port"}}
[debug] [2020-09-29T15:38:44.432Z] Starting Emulator UI with command {"binary":"node","args":["C:\\Users\\Guru\\.cache\\firebase\\emulators\\ui-v1.1.1\\server.bundle.js"],"optionalArgs":[],"joinArgs":false} {"metadata":{"emulator":{"name":"ui"},"message":"Starting Emulator UI with command {\"binary\":\"node\",\"args\":[\"C:\\\\Users\\\\Guru\\\\.cache\\\\firebase\\\\emulators\\\\ui-v1.1.1\\\\server.bundle.js\"],\"optionalArgs\":[],\"joinArgs\":false}"}}
[info] i  ui: Emulator UI logging to ui-debug.log {"metadata":{"emulator":{"name":"ui"},"message":"Emulator UI logging to \u001b[1mui-debug.log\u001b[22m"}}
[debug] [2020-09-29T15:38:44.701Z] Web / API server started at http://localhost:4001
 {"metadata":{"emulator":{"name":"ui"},"message":"Web / API server started at http://localhost:4001\n"}}
[info] i  functions: Watching "C:\Users\Guru\Downloads\functions" for Cloud Functions... {"metadata":{"emulator":{"name":"functions"},"message":"Watching \"C:\\Users\\Guru\\Downloads\\functions\" for Cloud Functions..."}}
[debug] [2020-09-29T15:38:45.050Z] [worker-pool] addWorker(~diagnostic~) {"metadata":{"emulator":{"name":"functions"},"message":"[worker-pool] addWorker(~diagnostic~)"}}
[debug] [2020-09-29T15:38:45.051Z] [worker-pool] Adding worker with key ~diagnostic~, total=1 {"metadata":{"emulator":{"name":"functions"},"message":"[worker-pool] Adding worker with key ~diagnostic~, total=1"}}
[debug] [2020-09-29T15:38:45.051Z] [worker-pool] submitWork(triggerId=) {"metadata":{"emulator":{"name":"functions"},"message":"[worker-pool] submitWork(triggerId=)"}}
[debug] [2020-09-29T15:38:45.052Z] [worker-~diagnostic~-2929f73f-684e-4a92-baa3-bf4c5753e18e]: Assigning socketPath: \\?\pipe\C:\Users\Guru\Downloads\functions\10616 {"metadata":{"emulator":{"name":"functions"},"message":"[worker-~diagnostic~-2929f73f-684e-4a92-baa3-bf4c5753e18e]: Assigning socketPath: \\\\?\\pipe\\C:\\Users\\Guru\\Downloads\\functions\\10616"}}
[debug] [2020-09-29T15:38:45.052Z] [worker-~diagnostic~-2929f73f-684e-4a92-baa3-bf4c5753e18e]: BUSY {"metadata":{"emulator":{"name":"functions"},"message":"[worker-~diagnostic~-2929f73f-684e-4a92-baa3-bf4c5753e18e]: BUSY"}}
[debug] [2020-09-29T15:38:45.864Z] [runtime-status] [10616] Functions runtime initialized. {"cwd":"C:\\Users\\Guru\\Downloads\\functions","node_version":"12.16.3"} {"metadata":{"emulator":{"name":"functions"},"message":"[runtime-status] [10616] Functions runtime initialized. {\"cwd\":\"C:\\\\Users\\\\Guru\\\\Downloads\\\\functions\",\"node_version\":\"12.16.3\"}"}}
[debug] [2020-09-29T15:38:45.871Z] [runtime-status] [10616] Disabled runtime features: undefined {"metadata":{"emulator":{"name":"functions"},"message":"[runtime-status] [10616] Disabled runtime features: undefined"}}
[debug] [2020-09-29T15:38:45.881Z] [runtime-status] [10616] Resolved module firebase-admin {"declared":true,"installed":true,"version":"8.13.0","resolution":"C:\\Users\\Guru\\Downloads\\functions\\node_modules\\firebase-admin\\lib\\index.js"} {"metadata":{"emulator":{"name":"functions"},"message":"[runtime-status] [10616] Resolved module firebase-admin {\"declared\":true,\"installed\":true,\"version\":\"8.13.0\",\"resolution\":\"C:\\\\Users\\\\Guru\\\\Downloads\\\\functions\\\\node_modules\\\\firebase-admin\\\\lib\\\\index.js\"}"}}
[debug] [2020-09-29T15:38:45.885Z] [runtime-status] [10616] Resolved module firebase-functions {"declared":true,"installed":true,"version":"3.11.0","resolution":"C:\\Users\\Guru\\Downloads\\functions\\node_modules\\firebase-functions\\lib\\index.js"} {"metadata":{"emulator":{"name":"functions"},"message":"[runtime-status] [10616] Resolved module firebase-functions {\"declared\":true,\"installed\":true,\"version\":\"3.11.0\",\"resolution\":\"C:\\\\Users\\\\Guru\\\\Downloads\\\\functions\\\\node_modules\\\\firebase-functions\\\\lib\\\\index.js\"}"}}
[debug] [2020-09-29T15:38:45.886Z] [runtime-status] [10616] Resolved module firebase-functions {"declared":true,"installed":true,"version":"3.11.0","resolution":"C:\\Users\\Guru\\Downloads\\functions\\node_modules\\firebase-functions\\lib\\index.js"} {"metadata":{"emulator":{"name":"functions"},"message":"[runtime-status] [10616] Resolved module firebase-functions {\"declared\":true,\"installed\":true,\"version\":\"3.11.0\",\"resolution\":\"C:\\\\Users\\\\Guru\\\\Downloads\\\\functions\\\\node_modules\\\\firebase-functions\\\\lib\\\\index.js\"}"}}
[debug] [2020-09-29T15:38:45.888Z] [runtime-status] [10616] Outgoing network have been stubbed. [{"name":"http","status":"mocked"},{"name":"http","status":"mocked"},{"name":"https","status":"mocked"},{"name":"https","status":"mocked"},{"name":"net","status":"mocked"}] {"metadata":{"emulator":{"name":"functions"},"message":"[runtime-status] [10616] Outgoing network have been stubbed. [{\"name\":\"http\",\"status\":\"mocked\"},{\"name\":\"http\",\"status\":\"mocked\"},{\"name\":\"https\",\"status\":\"mocked\"},{\"name\":\"https\",\"status\":\"mocked\"},{\"name\":\"net\",\"status\":\"mocked\"}]"}}
[debug] [2020-09-29T15:38:45.889Z] [runtime-status] [10616] Resolved module firebase-functions {"declared":true,"installed":true,"version":"3.11.0","resolution":"C:\\Users\\Guru\\Downloads\\functions\\node_modules\\firebase-functions\\lib\\index.js"} {"metadata":{"emulator":{"name":"functions"},"message":"[runtime-status] [10616] Resolved module firebase-functions {\"declared\":true,\"installed\":true,\"version\":\"3.11.0\",\"resolution\":\"C:\\\\Users\\\\Guru\\\\Downloads\\\\functions\\\\node_modules\\\\firebase-functions\\\\lib\\\\index.js\"}"}}
[debug] [2020-09-29T15:38:45.964Z] [runtime-status] [10616] Checked functions.config() {"config":{}} {"metadata":{"emulator":{"name":"functions"},"message":"[runtime-status] [10616] Checked functions.config() {\"config\":{}}"}}
[debug] [2020-09-29T15:38:45.964Z] [runtime-status] [10616] firebase-functions has been stubbed. {"functionsResolution":{"declared":true,"installed":true,"version":"3.11.0","resolution":"C:\\Users\\Guru\\Downloads\\functions\\node_modules\\firebase-functions\\lib\\index.js"}} {"metadata":{"emulator":{"name":"functions"},"message":"[runtime-status] [10616] firebase-functions has been stubbed. {\"functionsResolution\":{\"declared\":true,\"installed\":true,\"version\":\"3.11.0\",\"resolution\":\"C:\\\\Users\\\\Guru\\\\Downloads\\\\functions\\\\node_modules\\\\firebase-functions\\\\lib\\\\index.js\"}}"}}
[debug] [2020-09-29T15:38:45.965Z] [runtime-status] [10616] Resolved module firebase-functions {"declared":true,"installed":true,"version":"3.11.0","resolution":"C:\\Users\\Guru\\Downloads\\functions\\node_modules\\firebase-functions\\lib\\index.js"} {"metadata":{"emulator":{"name":"functions"},"message":"[runtime-status] [10616] Resolved module firebase-functions {\"declared\":true,\"installed\":true,\"version\":\"3.11.0\",\"resolution\":\"C:\\\\Users\\\\Guru\\\\Downloads\\\\functions\\\\node_modules\\\\firebase-functions\\\\lib\\\\index.js\"}"}}
[debug] [2020-09-29T15:38:45.968Z] [runtime-status] [10616] Resolved module firebase-admin {"declared":true,"installed":true,"version":"8.13.0","resolution":"C:\\Users\\Guru\\Downloads\\functions\\node_modules\\firebase-admin\\lib\\index.js"} {"metadata":{"emulator":{"name":"functions"},"message":"[runtime-status] [10616] Resolved module firebase-admin {\"declared\":true,\"installed\":true,\"version\":\"8.13.0\",\"resolution\":\"C:\\\\Users\\\\Guru\\\\Downloads\\\\functions\\\\node_modules\\\\firebase-admin\\\\lib\\\\index.js\"}"}}
[debug] [2020-09-29T15:38:45.969Z] [runtime-status] [10616] Resolved module firebase-functions {"declared":true,"installed":true,"version":"3.11.0","resolution":"C:\\Users\\Guru\\Downloads\\functions\\node_modules\\firebase-functions\\lib\\index.js"} {"metadata":{"emulator":{"name":"functions"},"message":"[runtime-status] [10616] Resolved module firebase-functions {\"declared\":true,\"installed\":true,\"version\":\"3.11.0\",\"resolution\":\"C:\\\\Users\\\\Guru\\\\Downloads\\\\functions\\\\node_modules\\\\firebase-functions\\\\lib\\\\index.js\"}"}}
[debug] [2020-09-29T15:38:45.970Z] [runtime-status] [10616] firebase-admin has been stubbed. {"adminResolution":{"declared":true,"installed":true,"version":"8.13.0","resolution":"C:\\Users\\Guru\\Downloads\\functions\\node_modules\\firebase-admin\\lib\\index.js"}} {"metadata":{"emulator":{"name":"functions"},"message":"[runtime-status] [10616] firebase-admin has been stubbed. {\"adminResolution\":{\"declared\":true,\"installed\":true,\"version\":\"8.13.0\",\"resolution\":\"C:\\\\Users\\\\Guru\\\\Downloads\\\\functions\\\\node_modules\\\\firebase-admin\\\\lib\\\\index.js\"}}"}}
[warn] !  Error: Cannot find module './controller'
Require stack:
- C:\Users\Guru\Downloads\functions\index.js
- C:\Users\Guru\AppData\Roaming\npm\node_modules\firebase-tools\lib\emulator\functionsEmulatorRuntime.js
    at Function.Module._resolveFilename (internal/modules/cjs/loader.js:957:15)
    at Function.Module._load (internal/modules/cjs/loader.js:840:27)
    at Module.require (internal/modules/cjs/loader.js:1019:19)
    at require (internal/modules/cjs/helpers.js:77:18)
    at Object.<anonymous> (C:\Users\Guru\Downloads\functions\index.js:7:21)
    at Module._compile (internal/modules/cjs/loader.js:1133:30)
    at Object.Module._extensions..js (internal/modules/cjs/loader.js:1153:10)
    at Module.load (internal/modules/cjs/loader.js:977:32)
    at Function.Module._load (internal/modules/cjs/loader.js:877:14)
    at Module.require (internal/modules/cjs/loader.js:1019:19) {"metadata":{"emulator":{"name":"functions"},"message":"Error: Cannot find module './controller'\nRequire stack:\n- C:\\Users\\Guru\\Downloads\\functions\\index.js\n- C:\\Users\\Guru\\AppData\\Roaming\\npm\\node_modules\\firebase-tools\\lib\\emulator\\functionsEmulatorRuntime.js\n    at Function.Module._resolveFilename (internal/modules/cjs/loader.js:957:15)\n    at Function.Module._load (internal/modules/cjs/loader.js:840:27)\n    at Module.require (internal/modules/cjs/loader.js:1019:19)\n    at require (internal/modules/cjs/helpers.js:77:18)\n    at Object.<anonymous> (C:\\Users\\Guru\\Downloads\\functions\\index.js:7:21)\n    at Module._compile (internal/modules/cjs/loader.js:1133:30)\n    at Object.Module._extensions..js (internal/modules/cjs/loader.js:1153:10)\n    at Module.load (internal/modules/cjs/loader.js:977:32)\n    at Function.Module._load (internal/modules/cjs/loader.js:877:14)\n    at Module.require (internal/modules/cjs/loader.js:1019:19)"}}
[warn] !  We were unable to load your functions code. (see above) {"metadata":{"emulator":{"name":"functions"}}}
[debug] [2020-09-29T15:38:46.350Z] [worker-~diagnostic~-2929f73f-684e-4a92-baa3-bf4c5753e18e]: exited {"metadata":{"emulator":{"name":"functions"},"message":"[worker-~diagnostic~-2929f73f-684e-4a92-baa3-bf4c5753e18e]: exited"}}
[debug] [2020-09-29T15:38:46.350Z] [worker-~diagnostic~-2929f73f-684e-4a92-baa3-bf4c5753e18e]: FINISHED {"metadata":{"emulator":{"name":"functions"},"message":"[worker-~diagnostic~-2929f73f-684e-4a92-baa3-bf4c5753e18e]: FINISHED"}}
[debug] [2020-09-29T15:41:20.802Z] Received signal SIGHUP 1
